<?xml version="1.0" encoding="UTF-8"?>
<testsuite xmlns:xsi="http://www.w3.org/2001/XMLSchema-instance" xsi:noNamespaceSchemaLocation="https://maven.apache.org/surefire/maven-surefire-plugin/xsd/surefire-test-report.xsd" name="ConfiguratorTest" time="18.758" tests="1" errors="0" skipped="0" failures="1">
  <properties>
[...]
</properties>
  <testcase name="checkBurgerConstructorTabsWork" classname="ConfiguratorTest" time="17.941">
    <failure message="Invalid element state: element click intercepted: Element &lt;span class=&quot;text text_type_main-default&quot;&gt;...&lt;/span&gt; is not clickable at point (147, 176). Other element would receive the click: &lt;div style=&quot;display: flex;&quot;&gt;...&lt;/div&gt;&#10;Screenshot: file:/C:/Users/ivanv/diplom-3/build/reports/tests/1643456454578.0.png&#10;Page source: file:/C:/Users/ivanv/diplom-3/build/reports/tests/1643456454578.0.html&#10;Timeout: 4 s.&#10;Caused by: ElementClickInterceptedException: element click intercepted: Element &lt;span class=&quot;text text_type_main-default&quot;&gt;...&lt;/span&gt; is not clickable at point (147, 176). Other element would receive the click: &lt;div style=&quot;display: flex;&quot;&gt;...&lt;/div&gt;" type="com.codeborne.selenide.ex.InvalidStateException"><![CDATA[com.codeborne.selenide.ex.InvalidStateException: 
Invalid element state: element click intercepted: Element <span class="text text_type_main-default">...</span> is not clickable at point (147, 176). Other element would receive the click: <div style="display: flex;">...</div>
Screenshot: file:/C:/Users/ivanv/diplom-3/build/reports/tests/1643456454578.0.png
Page source: file:/C:/Users/ivanv/diplom-3/build/reports/tests/1643456454578.0.html
Timeout: 4 s.
Caused by: ElementClickInterceptedException: element click intercepted: Element <span class="text text_type_main-default">...</span> is not clickable at point (147, 176). Other element would receive the click: <div style="display: flex;">...</div>
	at ConfiguratorTest.checkBurgerConstructorTabsWork(ConfiguratorTest.java:21)
Caused by: org.openqa.selenium.ElementClickInterceptedException: 
element click intercepted: Element <span class="text text_type_main-default">...</span> is not clickable at point (147, 176). Other element would receive the click: <div style="display: flex;">...</div>
  (Session info: chrome=97.0.4692.99)
Build info: version: '3.141.59', revision: 'e82be7d358', time: '2018-11-14T08:17:03'
System info: host: 'LAPTOP-U2DF6PFP', ip: '192.168.50.35', os.name: 'Windows 10', os.arch: 'amd64', os.version: '10.0', java.version: '11.0.12'
Driver info: org.openqa.selenium.chrome.ChromeDriver
Capabilities {acceptInsecureCerts: true, browserName: chrome, browserVersion: 97.0.4692.99, chrome: {chromedriverVersion: 97.0.4692.71 (adefa7837d02a..., userDataDir: C:\Users\ivanv\AppData\Loca...}, goog:chromeOptions: {debuggerAddress: localhost:57201}, javascriptEnabled: true, networkConnectionEnabled: false, pageLoadStrategy: normal, platform: WINDOWS, platformName: WINDOWS, proxy: Proxy(), setWindowRect: true, strictFileInteractability: false, timeouts: {implicit: 0, pageLoad: 300000, script: 30000}, unhandledPromptBehavior: dismiss and notify, webauthn:extension:credBlob: true, webauthn:extension:largeBlob: true, webauthn:virtualAuthenticators: true}
Session ID: 4f2b093388b1be4e5c2efc05e36df3e8
	at ConfiguratorTest.checkBurgerConstructorTabsWork(ConfiguratorTest.java:21)
]]></failure>
    <system-err><![CDATA[SLF4J: Failed to load class "org.slf4j.impl.StaticLoggerBinder".
SLF4J: Defaulting to no-operation (NOP) logger implementation
SLF4J: See http://www.slf4j.org/codes.html#StaticLoggerBinder for further details.
Starting ChromeDriver 97.0.4692.71 (adefa7837d02a07a604c1e6eff0b3a09422ab88d-refs/branch-heads/4692@{#1247}) on port 15580
Only local connections are allowed.
Please see https://chromedriver.chromium.org/security-considerations for suggestions on keeping ChromeDriver safe.
ChromeDriver was started successfully.
янв. 29, 2022 2:40:46 PM org.openqa.selenium.remote.ProtocolHandshake createSession
INFO: Detected dialect: W3C
]]></system-err>
  </testcase>
</testsuite>